<?xml version="1.0" encoding="UTF-8"?>
<!-- Generated by org.testng.reporters.JUnitXMLReporter -->
<testsuite hostname="SHRIRAM" failures="0" tests="6" name="TestRunner-chrome" time="0.073" errors="0" timestamp="18 Dec 2024 08:01:07 GMT">
  <testcase classname="com.comcast.crm.contacttest.CreateContactTest" name="@BeforeClass configBc" time="0.0">
    <failure type="org.testng.TestNGException" message="
Parameter &amp;apos;BROWSER&amp;apos; is required by @Configuration on method configBc but has not been marked @Optional or defined
in C:\Users\rashm\OneDrive\Desktop\Tek Pyramid\GenericUtilityProject\suit_crossbrowsertest.xml">
      <![CDATA[org.testng.TestNGException: 
Parameter 'BROWSER' is required by @Configuration on method configBc but has not been marked @Optional or defined
in C:\Users\rashm\OneDrive\Desktop\Tek Pyramid\GenericUtilityProject\suit_crossbrowsertest.xml
	at java.base/java.util.concurrent.FutureTask.run(FutureTask.java:264)
	at java.base/java.util.concurrent.ThreadPoolExecutor.runWorker(ThreadPoolExecutor.java:1136)
	at java.base/java.util.concurrent.ThreadPoolExecutor$Worker.run(ThreadPoolExecutor.java:635)
	at java.base/java.lang.Thread.run(Thread.java:833)
... Removed 13 stack frames]]>
    </failure>
  </testcase> <!-- @BeforeClass configBc -->
  <testcase classname="com.comcast.crm.contacttest.CreateContactTest" name="@BeforeMethod configBm" time="0.0">
    <skipped/>
  </testcase> <!-- @BeforeMethod configBm -->
  <testcase classname="com.comcast.crm.contacttest.CreateContactTest" name="@AfterMethod configAm" time="0.0">
    <skipped/>
  </testcase> <!-- @AfterMethod configAm -->
  <testcase classname="com.comcast.crm.contacttest.CreateContactTest" name="@BeforeMethod configBm" time="0.0">
    <skipped/>
  </testcase> <!-- @BeforeMethod configBm -->
  <testcase classname="com.comcast.crm.contacttest.CreateContactTest" name="@AfterMethod configAm" time="0.0">
    <skipped/>
  </testcase> <!-- @AfterMethod configAm -->
  <testcase classname="com.comcast.crm.contacttest.CreateContactTest" name="@BeforeMethod configBm" time="0.0">
    <skipped/>
  </testcase> <!-- @BeforeMethod configBm -->
  <testcase classname="com.comcast.crm.contacttest.CreateContactTest" name="@AfterMethod configAm" time="0.0">
    <skipped/>
  </testcase> <!-- @AfterMethod configAm -->
  <testcase classname="com.comcast.crm.contacttest.CreateContactTest" name="@AfterClass configAc" time="0.0">
    <skipped/>
  </testcase> <!-- @AfterClass configAc -->
  <testcase classname="com.comcast.crm.orgtest.CreateOrganisationTest" name="@BeforeClass configBc" time="0.0">
    <skipped/>
  </testcase> <!-- @BeforeClass configBc -->
  <testcase classname="com.comcast.crm.orgtest.CreateOrganisationTest" name="@BeforeMethod configBm" time="0.0">
    <skipped/>
  </testcase> <!-- @BeforeMethod configBm -->
  <testcase classname="com.comcast.crm.orgtest.CreateOrganisationTest" name="@AfterMethod configAm" time="0.0">
    <skipped/>
  </testcase> <!-- @AfterMethod configAm -->
  <testcase classname="com.comcast.crm.orgtest.CreateOrganisationTest" name="@BeforeMethod configBm" time="0.0">
    <skipped/>
  </testcase> <!-- @BeforeMethod configBm -->
  <testcase classname="com.comcast.crm.orgtest.CreateOrganisationTest" name="@AfterMethod configAm" time="0.0">
    <skipped/>
  </testcase> <!-- @AfterMethod configAm -->
  <testcase classname="com.comcast.crm.orgtest.CreateOrganisationTest" name="@BeforeMethod configBm" time="0.0">
    <skipped/>
  </testcase> <!-- @BeforeMethod configBm -->
  <testcase classname="com.comcast.crm.orgtest.CreateOrganisationTest" name="@AfterMethod configAm" time="0.0">
    <skipped/>
  </testcase> <!-- @AfterMethod configAm -->
  <testcase classname="com.comcast.crm.orgtest.CreateOrganisationTest" name="@AfterClass configAc" time="0.0">
    <skipped/>
  </testcase> <!-- @AfterClass configAc -->
  <testcase classname="com.comcast.crm.contacttest.CreateContactTest" name="createcontactTest" time="0.001">
    <skipped/>
  </testcase> <!-- createcontactTest -->
  <testcase classname="com.comcast.crm.contacttest.CreateContactTest" name="createcontactwithorgTest" time="0.001">
    <skipped/>
  </testcase> <!-- createcontactwithorgTest -->
  <testcase classname="com.comcast.crm.contacttest.CreateContactTest" name="createcontactwithsupportdateTest" time="0.001">
    <skipped/>
  </testcase> <!-- createcontactwithsupportdateTest -->
  <testcase classname="com.comcast.crm.orgtest.CreateOrganisationTest" name="CreateOganisationWithIndustriesTest" time="0.002">
    <skipped/>
  </testcase> <!-- CreateOganisationWithIndustriesTest -->
  <testcase classname="com.comcast.crm.orgtest.CreateOrganisationTest" name="CreateOrganizationTest" time="0.001">
    <skipped/>
  </testcase> <!-- CreateOrganizationTest -->
  <testcase classname="com.comcast.crm.orgtest.CreateOrganisationTest" name="CreateOrgwithPhonenoTest" time="0.002">
    <skipped/>
  </testcase> <!-- CreateOrgwithPhonenoTest -->
</testsuite> <!-- TestRunner-chrome -->
